# JRE version: OpenJDK Runtime Environment (17.0.10) (build 17.0.10+0--11609105)
# Java VM: OpenJDK 64-Bit Server VM (17.0.10+0--11609105, mixed mode, tiered, compressed oops, compressed class ptrs, g1 gc, windows-amd64)
GC Precious Log:
 CPUs: 12 total, 12 available
 Memory: 15711M
 Large Page Support: Disabled
 NUMA Support: Disabled
 Compressed Oops: Enabled (Zero based)
 Heap Region Size: 2M
 Heap Min Capacity: 8M
 Heap Initial Capacity: 246M
 Heap Max Capacity: 4G
 Pre-touch: Disabled
 Parallel Workers: 10
 Concurrent Workers: 3
 Concurrent Refinement Workers: 10
 Periodic GC: Disabled
Heap:
 garbage-first heap   total 151552K, used 100846K [0x0000000700000000, 0x0000000800000000)
  region size 2048K, 14 young (28672K), 3 survivors (6144K)
 Metaspace       used 90121K, committed 90816K, reserved 1179648K
  class space    used 12449K, committed 12736K, reserved 1048576K
GC Heap History (20 events):
Event: 6.732 GC heap before
{Heap before GC invocations=25 (full 0):
 garbage-first heap   total 110592K, used 77036K [0x0000000700000000, 0x0000000800000000)
  region size 2048K, 11 young (22528K), 1 survivors (2048K)
 Metaspace       used 71504K, committed 72128K, reserved 1114112K
  class space    used 9774K, committed 10048K, reserved 1048576K
}
Event: 6.734 GC heap after
{Heap after GC invocations=26 (full 0):
 garbage-first heap   total 110592K, used 59290K [0x0000000700000000, 0x0000000800000000)
  region size 2048K, 1 young (2048K), 1 survivors (2048K)
 Metaspace       used 71504K, committed 72128K, reserved 1114112K
  class space    used 9774K, committed 10048K, reserved 1048576K
}
Event: 7.045 GC heap before
{Heap before GC invocations=27 (full 0):
 garbage-first heap   total 110592K, used 79770K [0x0000000700000000, 0x0000000800000000)
  region size 2048K, 12 young (24576K), 1 survivors (2048K)
 Metaspace       used 74006K, committed 74688K, reserved 1114112K
  class space    used 10066K, committed 10368K, reserved 1048576K
}
Event: 7.048 GC heap after
{Heap after GC invocations=28 (full 0):
 garbage-first heap   total 110592K, used 65805K [0x0000000700000000, 0x0000000800000000)
  region size 2048K, 2 young (4096K), 2 survivors (4096K)
 Metaspace       used 74006K, committed 74688K, reserved 1114112K
  class space    used 10066K, committed 10368K, reserved 1048576K
}
Event: 7.187 GC heap before
{Heap before GC invocations=28 (full 0):
 garbage-first heap   total 110592K, used 80141K [0x0000000700000000, 0x0000000800000000)
  region size 2048K, 10 young (20480K), 2 survivors (4096K)
 Metaspace       used 75049K, committed 75648K, reserved 1114112K
  class space    used 10215K, committed 10496K, reserved 1048576K
}
Event: 7.190 GC heap after
{Heap after GC invocations=29 (full 0):
 garbage-first heap   total 147456K, used 66719K [0x0000000700000000, 0x0000000800000000)
  region size 2048K, 2 young (4096K), 2 survivors (4096K)
 Metaspace       used 75049K, committed 75648K, reserved 1114112K
  class space    used 10215K, committed 10496K, reserved 1048576K
}
Event: 7.503 GC heap before
{Heap before GC invocations=30 (full 0):
 garbage-first heap   total 147456K, used 97439K [0x0000000700000000, 0x0000000800000000)
  region size 2048K, 18 young (36864K), 2 survivors (4096K)
 Metaspace       used 77544K, committed 78144K, reserved 1179648K
  class space    used 10503K, committed 10752K, reserved 1048576K
}
Event: 7.506 GC heap after
{Heap after GC invocations=31 (full 0):
 garbage-first heap   total 147456K, used 68439K [0x0000000700000000, 0x0000000800000000)
  region size 2048K, 2 young (4096K), 2 survivors (4096K)
 Metaspace       used 77544K, committed 78144K, reserved 1179648K
  class space    used 10503K, committed 10752K, reserved 1048576K
}
Event: 7.876 GC heap before
{Heap before GC invocations=31 (full 0):
 garbage-first heap   total 147456K, used 103255K [0x0000000700000000, 0x0000000800000000)
  region size 2048K, 19 young (38912K), 2 survivors (4096K)
 Metaspace       used 80581K, committed 81152K, reserved 1179648K
  class space    used 10915K, committed 11200K, reserved 1048576K
}
Event: 7.879 GC heap after
{Heap after GC invocations=32 (full 0):
 garbage-first heap   total 147456K, used 69856K [0x0000000700000000, 0x0000000800000000)
  region size 2048K, 3 young (6144K), 3 survivors (6144K)
 Metaspace       used 80581K, committed 81152K, reserved 1179648K
  class space    used 10915K, committed 11200K, reserved 1048576K
}
Event: 8.049 GC heap before
{Heap before GC invocations=32 (full 0):
 garbage-first heap   total 147456K, used 104672K [0x0000000700000000, 0x0000000800000000)
  region size 2048K, 20 young (40960K), 3 survivors (6144K)
 Metaspace       used 80978K, committed 81664K, reserved 1179648K
  class space    used 10988K, committed 11328K, reserved 1048576K
}
Event: 8.052 GC heap after
{Heap after GC invocations=33 (full 0):
 garbage-first heap   total 147456K, used 72459K [0x0000000700000000, 0x0000000800000000)
  region size 2048K, 3 young (6144K), 3 survivors (6144K)
 Metaspace       used 80978K, committed 81664K, reserved 1179648K
  class space    used 10988K, committed 11328K, reserved 1048576K
}
Event: 8.391 GC heap before
{Heap before GC invocations=34 (full 0):
 garbage-first heap   total 147456K, used 107275K [0x0000000700000000, 0x0000000800000000)
  region size 2048K, 21 young (43008K), 3 survivors (6144K)
 Metaspace       used 83099K, committed 83776K, reserved 1179648K
  class space    used 11267K, committed 11584K, reserved 1048576K
}
Event: 8.394 GC heap after
{Heap after GC invocations=35 (full 0):
 garbage-first heap   total 147456K, used 74339K [0x0000000700000000, 0x0000000800000000)
  region size 2048K, 3 young (6144K), 3 survivors (6144K)
 Metaspace       used 83099K, committed 83776K, reserved 1179648K
  class space    used 11267K, committed 11584K, reserved 1048576K
}
Event: 8.578 GC heap before
{Heap before GC invocations=35 (full 0):
 garbage-first heap   total 147456K, used 111203K [0x0000000700000000, 0x0000000800000000)
  region size 2048K, 21 young (43008K), 3 survivors (6144K)
 Metaspace       used 83289K, committed 83968K, reserved 1179648K
  class space    used 11293K, committed 11584K, reserved 1048576K
}
Event: 8.582 GC heap after
{Heap after GC invocations=36 (full 0):
 garbage-first heap   total 147456K, used 76595K [0x0000000700000000, 0x0000000800000000)
  region size 2048K, 2 young (4096K), 2 survivors (4096K)
 Metaspace       used 83289K, committed 83968K, reserved 1179648K
  class space    used 11293K, committed 11584K, reserved 1048576K
}
Event: 8.959 GC heap before
{Heap before GC invocations=37 (full 0):
 garbage-first heap   total 147456K, used 115507K [0x0000000700000000, 0x0000000800000000)
  region size 2048K, 21 young (43008K), 2 survivors (4096K)
 Metaspace       used 86502K, committed 87232K, reserved 1179648K
  class space    used 11850K, committed 12160K, reserved 1048576K
}
Event: 8.962 GC heap after
{Heap after GC invocations=38 (full 0):
 garbage-first heap   total 147456K, used 79382K [0x0000000700000000, 0x0000000800000000)
  region size 2048K, 3 young (6144K), 3 survivors (6144K)
 Metaspace       used 86502K, committed 87232K, reserved 1179648K
  class space    used 11850K, committed 12160K, reserved 1048576K
}
Event: 9.317 GC heap before
{Heap before GC invocations=38 (full 0):
 garbage-first heap   total 147456K, used 116246K [0x0000000700000000, 0x0000000800000000)
  region size 2048K, 21 young (43008K), 3 survivors (6144K)
 Metaspace       used 89796K, committed 90496K, reserved 1179648K
  class space    used 12391K, committed 12672K, reserved 1048576K
}
Event: 9.321 GC heap after
{Heap after GC invocations=39 (full 0):
 garbage-first heap   total 147456K, used 82414K [0x0000000700000000, 0x0000000800000000)
  region size 2048K, 3 young (6144K), 3 survivors (6144K)
 Metaspace       used 89796K, committed 90496K, reserved 1179648K
  class space    used 12391K, committed 12672K, reserved 1048576K
}

